<?xml version="1.0" encoding="UTF-8"?>
<!-- Generated by org.testng.reporters.JUnitReportReporter -->
<testsuite hostname="alfred-1215N" name="tests.simple.HomePageAvailableTest" tests="1" failures="0" timestamp="28 Dec 2015 22:42:44 GMT" time="68.668" errors="0">
  <testcase name="setupClass" time="68.668" classname="tests.simple.HomePageAvailableTest"/>
</testsuite> <!-- tests.simple.HomePageAvailableTest -->
