<?xml version="1.0" encoding="UTF-8"?>
<!-- Generated by org.testng.reporters.JUnitReportReporter -->
<testsuite hostname="alfred-1215N" name="tests.userManagement.AuthorLoginTest" tests="1" failures="0" timestamp="30 Dec 2015 21:02:21 GMT" time="0.073" errors="0">
  <testcase name="getProperties" time="0.073" classname="tests.userManagement.AuthorLoginTest"/>
</testsuite> <!-- tests.userManagement.AuthorLoginTest -->
