<?xml version="1.0" encoding="UTF-8"?>
<!-- Generated by org.testng.reporters.JUnitReportReporter -->
<testsuite hostname="alfred-1215N" name="tests.DriverTest" tests="1" failures="0" timestamp="28 Dec 2015 17:56:24 GMT" time="0.052" errors="0">
  <testcase name="getSystemproperties" time="0.052" classname="tests.DriverTest"/>
</testsuite> <!-- tests.DriverTest -->
