<?xml version="1.0" encoding="UTF-8"?>
<!-- Generated by org.testng.reporters.JUnitReportReporter -->
<testsuite hostname="alfred-1215N" name="UserMmt.DriverTest" tests="1" failures="0" timestamp="28 Dec 2015 16:36:00 GMT" time="16.805" errors="0">
  <testcase name="openff" time="16.805" classname="UserMmt.DriverTest"/>
</testsuite> <!-- UserMmt.DriverTest -->
