<?xml version="1.0" encoding="UTF-8"?>
<!-- Generated by org.testng.reporters.JUnitReportReporter -->
<testsuite hostname="alfred-1215N" name="tests.simple.HomePageAvailableTest" tests="1" failures="0" timestamp="30 Dec 2015 16:34:34 GMT" time="21.490" errors="0">
  <testcase name="setupClass" time="21.490" classname="tests.simple.HomePageAvailableTest"/>
</testsuite> <!-- tests.simple.HomePageAvailableTest -->
