<?xml version="1.0" encoding="UTF-8"?>
<!-- Generated by org.testng.reporters.JUnitReportReporter -->
<testsuite hostname="alfred-1215N" name="LoginTests" tests="1" failures="0" timestamp="27 Dec 2015 19:18:13 GMT" time="100.181" errors="0">
  <testcase name="setUpBeforeClass" time="100.181" classname="LoginTests"/>
</testsuite> <!-- LoginTests -->
